<?xml version="1.0" encoding="UTF-8"?>
<!-- Generated by org.testng.reporters.JUnitXMLReporter -->
<testsuite ignored="0" hostname="LAPTOP-8BDQGNTS" failures="0" tests="15" name="Default test" time="22.807" errors="0" timestamp="2024-09-25T10:39:42 SGT">
  <testcase classname="api.test.DataDrivenTests" name="testPostUser" time="2.876"/>
  <testcase classname="api.test.DataDrivenTests" name="testPostUser" time="1.554"/>
  <testcase classname="api.test.DataDrivenTests" name="testPostUser" time="1.343"/>
  <testcase classname="api.test.DataDrivenTests" name="testPostUser" time="1.247"/>
  <testcase classname="api.test.DataDrivenTests" name="testPostUser" time="1.484"/>
  <testcase classname="api.test.DataDrivenTests" name="testGetUser" time="1.314"/>
  <testcase classname="api.test.DataDrivenTests" name="testGetUser" time="1.542"/>
  <testcase classname="api.test.DataDrivenTests" name="testGetUser" time="1.599"/>
  <testcase classname="api.test.DataDrivenTests" name="testGetUser" time="1.33"/>
  <testcase classname="api.test.DataDrivenTests" name="testGetUser" time="1.277"/>
  <testcase classname="api.test.DataDrivenTests" name="testDeleteUser" time="1.352"/>
  <testcase classname="api.test.DataDrivenTests" name="testDeleteUser" time="1.231"/>
  <testcase classname="api.test.DataDrivenTests" name="testDeleteUser" time="1.57"/>
  <testcase classname="api.test.DataDrivenTests" name="testDeleteUser" time="1.275"/>
  <testcase classname="api.test.DataDrivenTests" name="testDeleteUser" time="1.254"/>
</testsuite> <!-- Default test -->
