<?xml version="1.0" encoding="UTF-8"?>
<!-- Generated by org.testng.reporters.JUnitXMLReporter -->
<testsuite ignored="0" hostname="LAPTOP-8BDQGNTS" failures="0" tests="4" name="Test" time="9.682" errors="0" timestamp="2024-09-25T15:36:34 SGT">
  <testcase classname="api.test.UserTestUsingPropFile" name="testpostuser" time="3.24"/>
  <testcase classname="api.test.UserTestUsingPropFile" name="testgetuserbyname" time="1.527"/>
  <testcase classname="api.test.UserTestUsingPropFile" name="testupdateuserbyname" time="2.781"/>
  <testcase classname="api.test.UserTestUsingPropFile" name="testdeleteuserbyname" time="1.494"/>
</testsuite> <!-- Test -->
